<?xml version="1.0" encoding="UTF-8"?>
<!-- Generated by org.testng.reporters.JUnitXMLReporter -->
<testsuite hostname="Tyss-4F-Pratibha" ignored="1" name="Default test" tests="1" failures="0" timestamp="26 Mar 2019 15:33:28 GMT" time="39.186" errors="0">
  <testcase name="testSortList" time="18.493" classname="qsp.scripts.TestScipts"/>
  <testcase name="testCreateEmployee" time="0.0" classname="qsp.scripts.TestScipts">
    <ignored/>
  </testcase> <!-- testCreateEmployee -->
</testsuite> <!-- Default test -->
