<?xml version="1.0" encoding="UTF-8"?>
<!-- Generated by org.testng.reporters.JUnitXMLReporter -->
<testsuite hostname="Tyss-4F-Pratibha" ignored="1" name="Test" tests="1" failures="0" timestamp="27 Mar 2019 15:58:04 GMT" time="24.969" errors="0">
  <testcase name="testSortList" time="16.575" classname="qsp.scripts.TestScipts"/>
  <testcase name="testCreateEmployee" time="0.0" classname="qsp.scripts.TestScipts">
    <ignored/>
  </testcase> <!-- testCreateEmployee -->
</testsuite> <!-- Test -->
