<?xml version="1.0" encoding="UTF-8"?>
<testng-results skipped="0" failed="0" ignored="1" total="2" passed="1">
  <reporter-output>
    <line>
      <![CDATA[Title is matchingOrangeHRM]]>
    </line>
    <line>
      <![CDATA[List box is sorted:Pass]]>
    </line>
  </reporter-output>
  <suite name="Suite" duration-ms="24969" started-at="2019-03-27T15:57:39Z" finished-at="2019-03-27T15:58:04Z">
    <groups>
    </groups>
    <test name="Test" duration-ms="24969" started-at="2019-03-27T15:57:39Z" finished-at="2019-03-27T15:58:04Z">
      <class name="qsp.scripts.TestScipts">
        <test-method status="PASS" signature="preCondition()[pri:0, instance:qsp.scripts.TestScipts@73ad2d6]" name="preCondition" is-config="true" duration-ms="7986" started-at="2019-03-27T15:57:39Z" finished-at="2019-03-27T15:57:47Z">
          <reporter-output>
          </reporter-output>
        </test-method> <!-- preCondition -->
        <test-method status="PASS" signature="testSortList()[pri:0, instance:qsp.scripts.TestScipts@73ad2d6]" name="testSortList" duration-ms="16575" started-at="2019-03-27T15:57:47Z" finished-at="2019-03-27T15:58:04Z">
          <reporter-output>
            <line>
              <![CDATA[Title is matchingOrangeHRM]]>
            </line>
            <line>
              <![CDATA[List box is sorted:Pass]]>
            </line>
          </reporter-output>
        </test-method> <!-- testSortList -->
        <test-method status="PASS" signature="postCondition()[pri:0, instance:qsp.scripts.TestScipts@73ad2d6]" name="postCondition" is-config="true" duration-ms="357" started-at="2019-03-27T15:58:04Z" finished-at="2019-03-27T15:58:04Z">
          <reporter-output>
          </reporter-output>
        </test-method> <!-- postCondition -->
      </class> <!-- qsp.scripts.TestScipts -->
    </test> <!-- Test -->
  </suite> <!-- Suite -->
</testng-results>
